<?xml version="1.0" encoding="UTF-8"?>
<!-- Generated by org.testng.reporters.JUnitXMLReporter -->
<testsuite ignored="0" hostname="DESKTOP-F0SEMFK" failures="0" tests="19" name="Test" time="77.211" errors="0" timestamp="2023-01-04T13:35:05 IST">
  <testcase classname="PropFTX.Tests.UMTableTest" name="@BeforeMethod table" time="10.385">
    <failure type="org.openqa.selenium.NoSuchElementException" message="Unable to find element with locator By.xpath: //*[@id=&amp;quot;root&amp;quot;]/div[1]/div[1]/div[3]/ul/li[2]/a
For documentation on this error, please visit: https://selenium.dev/exceptions/#no_such_element
Build info: version: &amp;apos;4.7.2&amp;apos;, revision: &amp;apos;4d4020c3b7&amp;apos;
System info: os.name: &amp;apos;Windows 10&amp;apos;, os.arch: &amp;apos;amd64&amp;apos;, os.version: &amp;apos;10.0&amp;apos;, java.version: &amp;apos;17.0.5&amp;apos;
Driver info: driver.version: RemoteWebDriver">
      <![CDATA[org.openqa.selenium.NoSuchElementException: Unable to find element with locator By.xpath: //*[@id="root"]/div[1]/div[1]/div[3]/ul/li[2]/a
For documentation on this error, please visit: https://selenium.dev/exceptions/#no_such_element
Build info: version: '4.7.2', revision: '4d4020c3b7'
System info: os.name: 'Windows 10', os.arch: 'amd64', os.version: '10.0', java.version: '17.0.5'
Driver info: driver.version: RemoteWebDriver
at org.openqa.selenium.remote.ElementLocation$ElementFinder$2.findElement(ElementLocation.java:165)
at org.openqa.selenium.remote.ElementLocation.findElement(ElementLocation.java:60)
at org.openqa.selenium.remote.RemoteWebDriver.findElement(RemoteWebDriver.java:351)
at org.openqa.selenium.remote.RemoteWebDriver.findElement(RemoteWebDriver.java:343)
at org.openqa.selenium.support.pagefactory.DefaultElementLocator.findElement(DefaultElementLocator.java:70)
at org.openqa.selenium.support.pagefactory.internal.LocatingElementHandler.invoke(LocatingElementHandler.java:39)
at jdk.proxy2/jdk.proxy2.$Proxy15.click(Unknown Source)
at PropFTX.PageObject.AddUser.clickOnUserManagement(AddUser.java:75)
at PropFTX.Tests.UMTableTest.table(UMTableTest.java:36)
at java.base/java.util.ArrayList.forEach(ArrayList.java:1511)
... Removed 31 stack frames]]>
    </failure>
  </testcase> <!-- @BeforeMethod table -->
  <testcase classname="PropFTX.Tests.SearchUserTest" name="@BeforeMethod Search" time="5.12">
    <failure type="org.openqa.selenium.NoSuchElementException" message="Unable to find element with locator By.xpath: //*[@id=&amp;quot;root&amp;quot;]/div[1]/div[1]/div[3]/ul/li[2]/a
For documentation on this error, please visit: https://selenium.dev/exceptions/#no_such_element
Build info: version: &amp;apos;4.7.2&amp;apos;, revision: &amp;apos;4d4020c3b7&amp;apos;
System info: os.name: &amp;apos;Windows 10&amp;apos;, os.arch: &amp;apos;amd64&amp;apos;, os.version: &amp;apos;10.0&amp;apos;, java.version: &amp;apos;17.0.5&amp;apos;
Driver info: driver.version: RemoteWebDriver">
      <![CDATA[org.openqa.selenium.NoSuchElementException: Unable to find element with locator By.xpath: //*[@id="root"]/div[1]/div[1]/div[3]/ul/li[2]/a
For documentation on this error, please visit: https://selenium.dev/exceptions/#no_such_element
Build info: version: '4.7.2', revision: '4d4020c3b7'
System info: os.name: 'Windows 10', os.arch: 'amd64', os.version: '10.0', java.version: '17.0.5'
Driver info: driver.version: RemoteWebDriver
at org.openqa.selenium.remote.ElementLocation$ElementFinder$2.findElement(ElementLocation.java:165)
at org.openqa.selenium.remote.ElementLocation.findElement(ElementLocation.java:60)
at org.openqa.selenium.remote.RemoteWebDriver.findElement(RemoteWebDriver.java:351)
at org.openqa.selenium.remote.RemoteWebDriver.findElement(RemoteWebDriver.java:343)
at org.openqa.selenium.support.pagefactory.DefaultElementLocator.findElement(DefaultElementLocator.java:70)
at org.openqa.selenium.support.pagefactory.internal.LocatingElementHandler.invoke(LocatingElementHandler.java:39)
at jdk.proxy2/jdk.proxy2.$Proxy15.click(Unknown Source)
at PropFTX.PageObject.AddUser.clickOnUserManagement(AddUser.java:75)
at PropFTX.Tests.SearchUserTest.Search(SearchUserTest.java:21)
at java.base/java.util.ArrayList.forEach(ArrayList.java:1511)
... Removed 31 stack frames]]>
    </failure>
  </testcase> <!-- @BeforeMethod Search -->
  <testcase classname="PropFTX.TestComponent.BaseTest" name="@BeforeMethod launchWebsite" time="0.0">
    <skipped/>
  </testcase> <!-- @BeforeMethod launchWebsite -->
  <testcase classname="PropFTX.Tests.SearchUserTest" name="@BeforeMethod Search" time="0.0">
    <skipped/>
  </testcase> <!-- @BeforeMethod Search -->
  <testcase classname="PropFTX.TestComponent.BaseTest" name="@BeforeMethod launchWebsite" time="0.0">
    <skipped/>
  </testcase> <!-- @BeforeMethod launchWebsite -->
  <testcase classname="PropFTX.Tests.SearchUserTest" name="@BeforeMethod Search" time="0.0">
    <skipped/>
  </testcase> <!-- @BeforeMethod Search -->
  <testcase classname="PropFTX.Tests.AddUserTest" name="@BeforeMethod addUserbutton" time="0.025">
    <failure type="org.openqa.selenium.NoSuchWindowException" message="no such window: target window already closed
from unknown error: web view not found
  (Session info: chrome=108.0.5359.125)
Build info: version: &amp;apos;4.7.2&amp;apos;, revision: &amp;apos;4d4020c3b7&amp;apos;
System info: os.name: &amp;apos;Windows 10&amp;apos;, os.arch: &amp;apos;amd64&amp;apos;, os.version: &amp;apos;10.0&amp;apos;, java.version: &amp;apos;17.0.5&amp;apos;
Driver info: org.openqa.selenium.chrome.ChromeDriver
Command: [deb30ca3f3ef892d4ecf0f098e2b2653, get {url=https://propftxdevadmin.iworklab.com/login}]
Capabilities {acceptInsecureCerts: false, browserName: chrome, browserVersion: 108.0.5359.125, chrome: {chromedriverVersion: 108.0.5359.71 (1e0e3868ee06..., userDataDir: C:\Users\JYOTSA~1\AppData\L...}, goog:chromeOptions: {debuggerAddress: localhost:56388}, networkConnectionEnabled: false, pageLoadStrategy: normal, platformName: WINDOWS, proxy: Proxy(), se:cdp: ws://localhost:56388/devtoo..., se:cdpVersion: 108.0.5359.125, setWindowRect: true, strictFileInteractability: false, timeouts: {implicit: 0, pageLoad: 300000, script: 30000}, unhandledPromptBehavior: dismiss and notify, webauthn:extension:credBlob: true, webauthn:extension:largeBlob: true, webauthn:virtualAuthenticators: true}
Session ID: deb30ca3f3ef892d4ecf0f098e2b2653">
      <![CDATA[org.openqa.selenium.NoSuchWindowException: no such window: target window already closed
from unknown error: web view not found
  (Session info: chrome=108.0.5359.125)
Build info: version: '4.7.2', revision: '4d4020c3b7'
System info: os.name: 'Windows 10', os.arch: 'amd64', os.version: '10.0', java.version: '17.0.5'
Driver info: org.openqa.selenium.chrome.ChromeDriver
Command: [deb30ca3f3ef892d4ecf0f098e2b2653, get {url=https://propftxdevadmin.iworklab.com/login}]
Capabilities {acceptInsecureCerts: false, browserName: chrome, browserVersion: 108.0.5359.125, chrome: {chromedriverVersion: 108.0.5359.71 (1e0e3868ee06..., userDataDir: C:\Users\JYOTSA~1\AppData\L...}, goog:chromeOptions: {debuggerAddress: localhost:56388}, networkConnectionEnabled: false, pageLoadStrategy: normal, platformName: WINDOWS, proxy: Proxy(), se:cdp: ws://localhost:56388/devtoo..., se:cdpVersion: 108.0.5359.125, setWindowRect: true, strictFileInteractability: false, timeouts: {implicit: 0, pageLoad: 300000, script: 30000}, unhandledPromptBehavior: dismiss and notify, webauthn:extension:credBlob: true, webauthn:extension:largeBlob: true, webauthn:virtualAuthenticators: true}
Session ID: deb30ca3f3ef892d4ecf0f098e2b2653
at org.openqa.selenium.remote.codec.w3c.W3CHttpResponseCodec.createException(W3CHttpResponseCodec.java:200)
at org.openqa.selenium.remote.codec.w3c.W3CHttpResponseCodec.decode(W3CHttpResponseCodec.java:133)
at org.openqa.selenium.remote.codec.w3c.W3CHttpResponseCodec.decode(W3CHttpResponseCodec.java:53)
at org.openqa.selenium.remote.HttpCommandExecutor.execute(HttpCommandExecutor.java:184)
at org.openqa.selenium.remote.service.DriverCommandExecutor.invokeExecute(DriverCommandExecutor.java:167)
at org.openqa.selenium.remote.service.DriverCommandExecutor.execute(DriverCommandExecutor.java:142)
at org.openqa.selenium.remote.RemoteWebDriver.execute(RemoteWebDriver.java:535)
at org.openqa.selenium.remote.RemoteWebDriver.get(RemoteWebDriver.java:296)
at PropFTX.PageObject.LandingPage.openWebsite(LandingPage.java:71)
at PropFTX.Tests.AddUserTest.addUserbutton(AddUserTest.java:21)
at java.base/java.util.ArrayList.forEach(ArrayList.java:1511)
... Removed 36 stack frames]]>
    </failure>
  </testcase> <!-- @BeforeMethod addUserbutton -->
  <testcase classname="PropFTX.TestComponent.BaseTest" name="@BeforeMethod launchWebsite" time="0.0">
    <skipped/>
  </testcase> <!-- @BeforeMethod launchWebsite -->
  <testcase classname="PropFTX.Tests.AddUserTest" name="@BeforeMethod addUserbutton" time="0.0">
    <skipped/>
  </testcase> <!-- @BeforeMethod addUserbutton -->
  <testcase classname="PropFTX.TestComponent.BaseTest" name="@BeforeMethod launchWebsite" time="0.0">
    <skipped/>
  </testcase> <!-- @BeforeMethod launchWebsite -->
  <testcase classname="PropFTX.Tests.AddUserTest" name="@BeforeMethod addUserbutton" time="0.0">
    <skipped/>
  </testcase> <!-- @BeforeMethod addUserbutton -->
  <testcase classname="PropFTX.TestComponent.BaseTest" name="@BeforeMethod launchWebsite" time="0.0">
    <skipped/>
  </testcase> <!-- @BeforeMethod launchWebsite -->
  <testcase classname="PropFTX.Tests.AddUserTest" name="@BeforeMethod addUserbutton" time="0.0">
    <skipped/>
  </testcase> <!-- @BeforeMethod addUserbutton -->
  <testcase classname="PropFTX.TestComponent.BaseTest" name="@BeforeMethod launchWebsite" time="0.0">
    <skipped/>
  </testcase> <!-- @BeforeMethod launchWebsite -->
  <testcase classname="PropFTX.Tests.AddUserTest" name="@BeforeMethod addUserbutton" time="0.0">
    <skipped/>
  </testcase> <!-- @BeforeMethod addUserbutton -->
  <testcase classname="PropFTX.TestComponent.BaseTest" name="@BeforeMethod launchWebsite" time="0.0">
    <skipped/>
  </testcase> <!-- @BeforeMethod launchWebsite -->
  <testcase classname="PropFTX.Tests.AddUserTest" name="@BeforeMethod addUserbutton" time="0.0">
    <skipped/>
  </testcase> <!-- @BeforeMethod addUserbutton -->
  <testcase classname="PropFTX.TestComponent.BaseTest" name="@BeforeMethod launchWebsite" time="0.0">
    <skipped/>
  </testcase> <!-- @BeforeMethod launchWebsite -->
  <testcase classname="PropFTX.Tests.AddUserTest" name="@BeforeMethod addUserbutton" time="0.0">
    <skipped/>
  </testcase> <!-- @BeforeMethod addUserbutton -->
  <testcase classname="PropFTX.Tests.LoginTest" name="InvalidEmail" time="0.821"/>
  <testcase classname="PropFTX.Tests.LoginTest" name="checkPasswordVisibility" time="1.115"/>
  <testcase classname="PropFTX.Tests.LoginTest" name="forgotPasswordEmailExist" time="1.869"/>
  <testcase classname="PropFTX.Tests.LoginTest" name="forgotPasswordEmailNotExist" time="2.129"/>
  <testcase classname="PropFTX.Tests.LoginTest" name="forgotPasswordInvaliEmail" time="1.978"/>
  <testcase classname="PropFTX.Tests.LoginTest" name="validEmailPassword" time="2.791"/>
  <testcase classname="PropFTX.Tests.LoginTest" name="withoutEmailPassword" time="1.35"/>
  <testcase classname="PropFTX.Tests.LoginTest" name="wrongEmailPassword" time="2.628"/>
  <testcase classname="PropFTX.Tests.UMTableTest" name="getRowValues" time="0.0">
    <skipped/>
  </testcase> <!-- getRowValues -->
  <testcase classname="PropFTX.Tests.SearchUserTest" name="searchByEmail" time="0.0">
    <skipped/>
  </testcase> <!-- searchByEmail -->
  <testcase classname="PropFTX.Tests.SearchUserTest" name="searchByInvalidData" time="0.0">
    <skipped/>
  </testcase> <!-- searchByInvalidData -->
  <testcase classname="PropFTX.Tests.SearchUserTest" name="searchByUserName" time="0.0">
    <skipped/>
  </testcase> <!-- searchByUserName -->
  <testcase classname="PropFTX.Tests.AddUserTest" name="addUser" time="0.0">
    <skipped/>
  </testcase> <!-- addUser -->
  <testcase classname="PropFTX.Tests.AddUserTest" name="chooseImage100kb" time="0.0">
    <skipped/>
  </testcase> <!-- chooseImage100kb -->
  <testcase classname="PropFTX.Tests.AddUserTest" name="chooseImageMoreThan100kb" time="0.0">
    <skipped/>
  </testcase> <!-- chooseImageMoreThan100kb -->
  <testcase classname="PropFTX.Tests.AddUserTest" name="chooseImagelessThan100kb" time="0.0">
    <skipped/>
  </testcase> <!-- chooseImagelessThan100kb -->
  <testcase classname="PropFTX.Tests.AddUserTest" name="clickOnSubmit" time="0.0">
    <skipped/>
  </testcase> <!-- clickOnSubmit -->
  <testcase classname="PropFTX.Tests.AddUserTest" name="enterInvalidEmail" time="0.001">
    <skipped/>
  </testcase> <!-- enterInvalidEmail -->
  <testcase classname="PropFTX.Tests.AddUserTest" name="enterNameMoreThan50CharAddress100CharInvalidPhonenum" time="0.0">
    <skipped/>
  </testcase> <!-- enterNameMoreThan50CharAddress100CharInvalidPhonenum -->
</testsuite> <!-- Test -->
