<?xml version="1.0" encoding="UTF-8"?>
<!-- Generated by org.testng.reporters.JUnitReportReporter -->
<testsuite hostname="DESKTOP-F0SEMFK" failures="1" tests="10" name="cucumber.TestNGTestRunner" time="61.585" errors="0" timestamp="2023-02-03T12:40:42 IST" skipped="0">
  <testcase classname="cucumber.TestNGTestRunner" name="runScenario" time="2.995"/>
  <system-out/>
  <testcase classname="cucumber.TestNGTestRunner" name="runScenario" time="4.399"/>
  <system-out/>
  <testcase classname="cucumber.TestNGTestRunner" name="runScenario" time="4.592"/>
  <system-out/>
  <testcase classname="cucumber.TestNGTestRunner" name="runScenario" time="4.893"/>
  <system-out/>
  <testcase classname="cucumber.TestNGTestRunner" name="runScenario" time="5.557"/>
  <system-out/>
  <testcase classname="cucumber.TestNGTestRunner" name="runScenario" time="6.099"/>
  <system-out/>
  <testcase classname="cucumber.TestNGTestRunner" name="runScenario" time="5.774"/>
  <system-out/>
  <testcase classname="cucumber.TestNGTestRunner" name="runScenario" time="5.497"/>
  <system-out/>
  <testcase classname="cucumber.TestNGTestRunner" name="runScenario" time="4.000"/>
  <system-out/>
  <testcase classname="cucumber.TestNGTestRunner" name="runScenario" time="17.779">
    <failure message="expected [User Created Successfully] but found [User created successfully]" type="java.lang.AssertionError">
      <![CDATA[java.lang.AssertionError: expected [User Created Successfully] but found [User created successfully]
at org.testng.Assert.fail(Assert.java:110)
at org.testng.Assert.failNotEquals(Assert.java:1413)
at org.testng.Assert.assertEqualsImpl(Assert.java:149)
at org.testng.Assert.assertEquals(Assert.java:131)
at org.testng.Assert.assertEquals(Assert.java:655)
at org.testng.Assert.assertEquals(Assert.java:665)
at PropFTX.stepDefinitions.AddUserStepDefinitionImplementation.user_added_successfully(AddUserStepDefinitionImplementation.java:48)
at âœ½.User added successfully(file:///C:/Users/Jyotsana%20Pandey/eclipse-workspace/PropFTXAdmin%20-%20Copy/src/test/java/cucumber/AddUser.feature:30)
]]>
    </failure>
  </testcase> <!-- runScenario -->
  <system-out/>
</testsuite> <!-- cucumber.TestNGTestRunner -->
